<?xml version="1.0" encoding="UTF-8"?>
<!-- Generated by org.testng.reporters.JUnitXMLReporter -->
<testsuite hostname="Ramesh-PC" name="Default test" tests="5" failures="0" timestamp="19 Jun 2017 21:55:47 GMT" time="11.924" errors="0">
  <testcase name="checkLatestNewsSection" time="0.08" classname="com.valtech.qachallenge.ValtechHomePageTest"/>
  <testcase name="clickAboutAndVerify" time="1.664" classname="com.valtech.qachallenge.ValtechHomePageTest"/>
  <testcase name="clickWorkAndVerify" time="4.312" classname="com.valtech.qachallenge.ValtechHomePageTest"/>
  <testcase name="clickServicesAndVerify" time="2.164" classname="com.valtech.qachallenge.ValtechHomePageTest"/>
  <testcase name="countValtechOffices" time="3.68" classname="com.valtech.qachallenge.ValtechHomePageTest"/>
</testsuite> <!-- Default test -->
